<?xml version="1.0" encoding="UTF-8"?>
<!-- Generated by org.testng.reporters.JUnitReportReporter -->
<testsuite hostname="B1403F1D" name="com.psci.testscripts.AutoITTest" tests="1" failures="0" timestamp="10 Sep 2015 19:46:42 GMT" time="1.485" errors="0">
  <testcase name="fileUpload" time="1.485" classname="com.psci.testscripts.AutoITTest"/>
</testsuite> <!-- com.psci.testscripts.AutoITTest -->
