<?xml version="1.0" encoding="UTF-8"?>
<!-- Generated by org.testng.reporters.JUnitReportReporter -->
<testsuite hostname="B1403F2D" name="com.psci.testscripts.TestPSCI" tests="1" failures="0" timestamp="4 Mar 2016 08:31:28 GMT" time="0.043" errors="0">
  <testcase name="verifyGlogin" time="0.043" classname="com.psci.testscripts.TestPSCI"/>
</testsuite> <!-- com.psci.testscripts.TestPSCI -->
