<?xml version="1.0" encoding="UTF-8"?>
<!-- Generated by org.testng.reporters.JUnitReportReporter -->
<testsuite hostname="B1403F1D" name="com.psci.testscripts.TestJava" tests="1" failures="0" timestamp="1 Jul 2015 18:15:17 GMT" time="7.108" errors="0">
  <testcase name="browserOpen" time="7.108" classname="com.psci.testscripts.TestJava"/>
</testsuite> <!-- com.psci.testscripts.TestJava -->
