<?xml version="1.0" encoding="UTF-8"?>
<!-- Generated by org.testng.reporters.JUnitReportReporter -->
<testsuite hostname="B1403F1D" name="com.psci.testscripts.TestBat" tests="1" failures="1" timestamp="10 Aug 2015 05:10:55 GMT" time="51.739" errors="0">
  <testcase name="registration" time="51.739" classname="com.psci.testscripts.TestBat">
    <failure type="org.openqa.selenium.WebDriverException" message="Failed to connect to binary FirefoxBinary(C:\Program Files (x86)\Mozilla Firefox\firefox.exe) on port 7055; process output follows: 
ode.com to C:\Users\skbehera\AppData\Local\Temp\anonymous3338313405893600172webdriver-profile\extensions\fxdriver@googlecode.com
1439183412340	addons.xpi	DEBUG	Ignoring file entry whose name is not a valid add-on ID: C:\Users\skbehera\AppData\Local\Temp\anonymous3338313405893600172webdriver-profile\extensions\webdriver-staging
1439183412341	addons.xpi	INFO	Mapping {972ce4c6-7e08-4474-a285-3208198ce6fd} to C:\Program Files (x86)\Mozilla Firefox\browser\extensions\{972ce4c6-7e08-4474-a285-3208198ce6fd}
1439183412341	addons.xpi	DEBUG	Skipping unavailable install location app-system-share
1439183412341	addons.xpi	DEBUG	Skipping unavailable install location app-system-local
1439183412341	addons.xpi	DEBUG	checkForChanges
1439183412342	addons.xpi	DEBUG	Loaded add-on state from prefs: {&quot;app-profile&quot;:{&quot;fxdriver@googlecode.com&quot;:{&quot;d&quot;:&quot;C:\\Users\\skbehera\\AppData\\Local\\Temp\\anonymous3338313405893600172webdriver-profile\\extensions\\fxdriver@googlecode.com&quot;,&quot;e&quot;:true,&quot;v&quot;:&quot;2.44.0&quot;,&quot;st&quot;:1439183403928,&quot;mt&quot;:1439183403912}},&quot;app-global&quot;:{&quot;{972ce4c6-7e08-4474-a285-3208198ce6fd}&quot;:{&quot;d&quot;:&quot;C:\\Program Files (x86)\\Mozilla Firefox\\browser\\extensions\\{972ce4c6-7e08-4474-a285-3208198ce6fd}&quot;,&quot;e&quot;:true,&quot;v&quot;:&quot;39.0.3&quot;,&quot;st&quot;:1438927259895,&quot;mt&quot;:1438927259782}}}
1439183412342	addons.xpi	DEBUG	getModTime: Recursive scan of fxdriver@googlecode.com
1439183412352	addons.xpi	DEBUG	getModTime: Recursive scan of {972ce4c6-7e08-4474-a285-3208198ce6fd}
1439183412353	addons.xpi	DEBUG	getInstallState changed: false, state: {&quot;app-profile&quot;:{&quot;fxdriver@googlecode.com&quot;:{&quot;d&quot;:&quot;C:\\Users\\skbehera\\AppData\\Local\\Temp\\anonymous3338313405893600172webdriver-profile\\extensions\\fxdriver@googlecode.com&quot;,&quot;e&quot;:true,&quot;v&quot;:&quot;2.44.0&quot;,&quot;st&quot;:1439183403928,&quot;mt&quot;:1439183403912}},&quot;app-global&quot;:{&quot;{972ce4c6-7e08-4474-a285-3208198ce6fd}&quot;:{&quot;d&quot;:&quot;C:\\Program Files (x86)\\Mozilla Firefox\\browser\\extensions\\{972ce4c6-7e08-4474-a285-3208198ce6fd}&quot;,&quot;e&quot;:true,&quot;v&quot;:&quot;39.0.3&quot;,&quot;st&quot;:1438927259895,&quot;mt&quot;:1438927259782}}}
1439183412354	addons.xpi	DEBUG	No changes found
1439183412357	addons.manager	DEBUG	Registering shutdown blocker for XPIProvider
1439183412358	addons.manager	DEBUG	Provider finished startup: XPIProvider
1439183412358	addons.manager	DEBUG	Starting provider: LightweightThemeManager
1439183412358	addons.manager	DEBUG	Registering shutdown blocker for LightweightThemeManager
1439183412358	addons.manager	DEBUG	Provider finished startup: LightweightThemeManager
1439183412359	addons.manager	DEBUG	Starting provider: GMPProvider
1439183412362	addons.manager	DEBUG	Registering shutdown blocker for GMPProvider
1439183412362	addons.manager	DEBUG	Provider finished startup: GMPProvider
1439183412362	addons.manager	DEBUG	Starting provider: PluginProvider
1439183412362	addons.manager	DEBUG	Registering shutdown blocker for PluginProvider
1439183412362	addons.manager	DEBUG	Provider finished startup: PluginProvider
1439183412363	addons.manager	DEBUG	Completed startup sequence
1439183412458	addons.xpi-utils	DEBUG	Starting async load of XPI database C:\Users\skbehera\AppData\Local\Temp\anonymous3338313405893600172webdriver-profile\extensions.json
1439183412459	addons.manager	DEBUG	Starting provider: &lt;unnamed-provider&gt;
1439183412459	addons.manager	DEBUG	Registering shutdown blocker for &lt;unnamed-provider&gt;
1439183412459	addons.manager	DEBUG	Provider finished startup: &lt;unnamed-provider&gt;
1439183412628	addons.xpi-utils	DEBUG	Async JSON file read took 0 MS
1439183412628	addons.xpi-utils	DEBUG	Finished async read of XPI database, parsing...
1439183412629	addons.xpi-utils	DEBUG	Successfully read XPI database
*** Blocklist::_loadBlocklistFromFile: blocklist is disabled
JavaScript error: file:///C:/Users/skbehera/AppData/Local/Temp/anonymous3338313405893600172webdriver-profile/extensions/fxdriver@googlecode.com/components/driver-component.js, line 11487: TypeError: this.server_ is undefined
JavaScript error: chrome://fxdriver/content/server.js, line 38: NS_ERROR_XPC_CI_RETURNED_FAILURE: Component returned failure code: 0x80570015 (NS_ERROR_XPC_CI_RETURNED_FAILURE) [nsIJSCID.createInstance]

Build info: version: &#039;2.44.0&#039;, revision: &#039;76d78cf&#039;, time: &#039;2014-10-23 20:02:37&#039;
System info: host: &#039;B1403F1D&#039;, ip: &#039;172.25.32.77&#039;, os.name: &#039;Windows 7&#039;, os.arch: &#039;amd64&#039;, os.version: &#039;6.1&#039;, java.version: &#039;1.7.0_45&#039;
Driver info: driver.version: FirefoxDriver">
      <![CDATA[org.openqa.selenium.WebDriverException: Failed to connect to binary FirefoxBinary(C:\Program Files (x86)\Mozilla Firefox\firefox.exe) on port 7055; process output follows: 
ode.com to C:\Users\skbehera\AppData\Local\Temp\anonymous3338313405893600172webdriver-profile\extensions\fxdriver@googlecode.com
1439183412340	addons.xpi	DEBUG	Ignoring file entry whose name is not a valid add-on ID: C:\Users\skbehera\AppData\Local\Temp\anonymous3338313405893600172webdriver-profile\extensions\webdriver-staging
1439183412341	addons.xpi	INFO	Mapping {972ce4c6-7e08-4474-a285-3208198ce6fd} to C:\Program Files (x86)\Mozilla Firefox\browser\extensions\{972ce4c6-7e08-4474-a285-3208198ce6fd}
1439183412341	addons.xpi	DEBUG	Skipping unavailable install location app-system-share
1439183412341	addons.xpi	DEBUG	Skipping unavailable install location app-system-local
1439183412341	addons.xpi	DEBUG	checkForChanges
1439183412342	addons.xpi	DEBUG	Loaded add-on state from prefs: {"app-profile":{"fxdriver@googlecode.com":{"d":"C:\\Users\\skbehera\\AppData\\Local\\Temp\\anonymous3338313405893600172webdriver-profile\\extensions\\fxdriver@googlecode.com","e":true,"v":"2.44.0","st":1439183403928,"mt":1439183403912}},"app-global":{"{972ce4c6-7e08-4474-a285-3208198ce6fd}":{"d":"C:\\Program Files (x86)\\Mozilla Firefox\\browser\\extensions\\{972ce4c6-7e08-4474-a285-3208198ce6fd}","e":true,"v":"39.0.3","st":1438927259895,"mt":1438927259782}}}
1439183412342	addons.xpi	DEBUG	getModTime: Recursive scan of fxdriver@googlecode.com
1439183412352	addons.xpi	DEBUG	getModTime: Recursive scan of {972ce4c6-7e08-4474-a285-3208198ce6fd}
1439183412353	addons.xpi	DEBUG	getInstallState changed: false, state: {"app-profile":{"fxdriver@googlecode.com":{"d":"C:\\Users\\skbehera\\AppData\\Local\\Temp\\anonymous3338313405893600172webdriver-profile\\extensions\\fxdriver@googlecode.com","e":true,"v":"2.44.0","st":1439183403928,"mt":1439183403912}},"app-global":{"{972ce4c6-7e08-4474-a285-3208198ce6fd}":{"d":"C:\\Program Files (x86)\\Mozilla Firefox\\browser\\extensions\\{972ce4c6-7e08-4474-a285-3208198ce6fd}","e":true,"v":"39.0.3","st":1438927259895,"mt":1438927259782}}}
1439183412354	addons.xpi	DEBUG	No changes found
1439183412357	addons.manager	DEBUG	Registering shutdown blocker for XPIProvider
1439183412358	addons.manager	DEBUG	Provider finished startup: XPIProvider
1439183412358	addons.manager	DEBUG	Starting provider: LightweightThemeManager
1439183412358	addons.manager	DEBUG	Registering shutdown blocker for LightweightThemeManager
1439183412358	addons.manager	DEBUG	Provider finished startup: LightweightThemeManager
1439183412359	addons.manager	DEBUG	Starting provider: GMPProvider
1439183412362	addons.manager	DEBUG	Registering shutdown blocker for GMPProvider
1439183412362	addons.manager	DEBUG	Provider finished startup: GMPProvider
1439183412362	addons.manager	DEBUG	Starting provider: PluginProvider
1439183412362	addons.manager	DEBUG	Registering shutdown blocker for PluginProvider
1439183412362	addons.manager	DEBUG	Provider finished startup: PluginProvider
1439183412363	addons.manager	DEBUG	Completed startup sequence
1439183412458	addons.xpi-utils	DEBUG	Starting async load of XPI database C:\Users\skbehera\AppData\Local\Temp\anonymous3338313405893600172webdriver-profile\extensions.json
1439183412459	addons.manager	DEBUG	Starting provider: <unnamed-provider>
1439183412459	addons.manager	DEBUG	Registering shutdown blocker for <unnamed-provider>
1439183412459	addons.manager	DEBUG	Provider finished startup: <unnamed-provider>
1439183412628	addons.xpi-utils	DEBUG	Async JSON file read took 0 MS
1439183412628	addons.xpi-utils	DEBUG	Finished async read of XPI database, parsing...
1439183412629	addons.xpi-utils	DEBUG	Successfully read XPI database
*** Blocklist::_loadBlocklistFromFile: blocklist is disabled
JavaScript error: file:///C:/Users/skbehera/AppData/Local/Temp/anonymous3338313405893600172webdriver-profile/extensions/fxdriver@googlecode.com/components/driver-component.js, line 11487: TypeError: this.server_ is undefined
JavaScript error: chrome://fxdriver/content/server.js, line 38: NS_ERROR_XPC_CI_RETURNED_FAILURE: Component returned failure code: 0x80570015 (NS_ERROR_XPC_CI_RETURNED_FAILURE) [nsIJSCID.createInstance]

Build info: version: '2.44.0', revision: '76d78cf', time: '2014-10-23 20:02:37'
System info: host: 'B1403F1D', ip: '172.25.32.77', os.name: 'Windows 7', os.arch: 'amd64', os.version: '6.1', java.version: '1.7.0_45'
Driver info: driver.version: FirefoxDriver
	at org.openqa.selenium.firefox.internal.NewProfileExtensionConnection.start(NewProfileExtensionConnection.java:130)
	at org.openqa.selenium.firefox.FirefoxDriver.startClient(FirefoxDriver.java:246)
	at org.openqa.selenium.remote.RemoteWebDriver.<init>(RemoteWebDriver.java:114)
	at org.openqa.selenium.firefox.FirefoxDriver.<init>(FirefoxDriver.java:193)
	at org.openqa.selenium.firefox.FirefoxDriver.<init>(FirefoxDriver.java:186)
	at org.openqa.selenium.firefox.FirefoxDriver.<init>(FirefoxDriver.java:182)
	at org.openqa.selenium.firefox.FirefoxDriver.<init>(FirefoxDriver.java:95)
	at com.psci.testscripts.TestBat.registration(TestBat.java:35)
	at sun.reflect.NativeMethodAccessorImpl.invoke0(Native Method)
	at sun.reflect.NativeMethodAccessorImpl.invoke(NativeMethodAccessorImpl.java:57)
	at sun.reflect.DelegatingMethodAccessorImpl.invoke(DelegatingMethodAccessorImpl.java:43)
	at java.lang.reflect.Method.invoke(Method.java:606)
	at org.testng.internal.MethodInvocationHelper.invokeMethod(MethodInvocationHelper.java:84)
	at org.testng.internal.Invoker.invokeMethod(Invoker.java:714)
	at org.testng.internal.Invoker.invokeTestMethod(Invoker.java:901)
	at org.testng.internal.Invoker.invokeTestMethods(Invoker.java:1231)
	at org.testng.internal.TestMethodWorker.invokeTestMethods(TestMethodWorker.java:127)
	at org.testng.internal.TestMethodWorker.run(TestMethodWorker.java:111)
	at org.testng.TestRunner.privateRun(TestRunner.java:767)
	at org.testng.TestRunner.run(TestRunner.java:617)
	at org.testng.SuiteRunner.runTest(SuiteRunner.java:334)
	at org.testng.SuiteRunner.runSequentially(SuiteRunner.java:329)
	at org.testng.SuiteRunner.privateRun(SuiteRunner.java:291)
	at org.testng.SuiteRunner.run(SuiteRunner.java:240)
	at org.testng.SuiteRunnerWorker.runSuite(SuiteRunnerWorker.java:52)
	at org.testng.SuiteRunnerWorker.run(SuiteRunnerWorker.java:86)
	at org.testng.TestNG.runSuitesSequentially(TestNG.java:1224)
	at org.testng.TestNG.runSuitesLocally(TestNG.java:1149)
	at org.testng.TestNG.run(TestNG.java:1057)
	at org.testng.TestNG.privateMain(TestNG.java:1364)
	at org.testng.TestNG.main(TestNG.java:1333)
Caused by: org.openqa.selenium.firefox.NotConnectedException: Unable to connect to host 127.0.0.1 on port 7055 after 45000 ms. Firefox console output:
ode.com to C:\Users\skbehera\AppData\Local\Temp\anonymous3338313405893600172webdriver-profile\extensions\fxdriver@googlecode.com
1439183412340	addons.xpi	DEBUG	Ignoring file entry whose name is not a valid add-on ID: C:\Users\skbehera\AppData\Local\Temp\anonymous3338313405893600172webdriver-profile\extensions\webdriver-staging
1439183412341	addons.xpi	INFO	Mapping {972ce4c6-7e08-4474-a285-3208198ce6fd} to C:\Program Files (x86)\Mozilla Firefox\browser\extensions\{972ce4c6-7e08-4474-a285-3208198ce6fd}
1439183412341	addons.xpi	DEBUG	Skipping unavailable install location app-system-share
1439183412341	addons.xpi	DEBUG	Skipping unavailable install location app-system-local
1439183412341	addons.xpi	DEBUG	checkForChanges
1439183412342	addons.xpi	DEBUG	Loaded add-on state from prefs: {"app-profile":{"fxdriver@googlecode.com":{"d":"C:\\Users\\skbehera\\AppData\\Local\\Temp\\anonymous3338313405893600172webdriver-profile\\extensions\\fxdriver@googlecode.com","e":true,"v":"2.44.0","st":1439183403928,"mt":1439183403912}},"app-global":{"{972ce4c6-7e08-4474-a285-3208198ce6fd}":{"d":"C:\\Program Files (x86)\\Mozilla Firefox\\browser\\extensions\\{972ce4c6-7e08-4474-a285-3208198ce6fd}","e":true,"v":"39.0.3","st":1438927259895,"mt":1438927259782}}}
1439183412342	addons.xpi	DEBUG	getModTime: Recursive scan of fxdriver@googlecode.com
1439183412352	addons.xpi	DEBUG	getModTime: Recursive scan of {972ce4c6-7e08-4474-a285-3208198ce6fd}
1439183412353	addons.xpi	DEBUG	getInstallState changed: false, state: {"app-profile":{"fxdriver@googlecode.com":{"d":"C:\\Users\\skbehera\\AppData\\Local\\Temp\\anonymous3338313405893600172webdriver-profile\\extensions\\fxdriver@googlecode.com","e":true,"v":"2.44.0","st":1439183403928,"mt":1439183403912}},"app-global":{"{972ce4c6-7e08-4474-a285-3208198ce6fd}":{"d":"C:\\Program Files (x86)\\Mozilla Firefox\\browser\\extensions\\{972ce4c6-7e08-4474-a285-3208198ce6fd}","e":true,"v":"39.0.3","st":1438927259895,"mt":1438927259782}}}
1439183412354	addons.xpi	DEBUG	No changes found
1439183412357	addons.manager	DEBUG	Registering shutdown blocker for XPIProvider
1439183412358	addons.manager	DEBUG	Provider finished startup: XPIProvider
1439183412358	addons.manager	DEBUG	Starting provider: LightweightThemeManager
1439183412358	addons.manager	DEBUG	Registering shutdown blocker for LightweightThemeManager
1439183412358	addons.manager	DEBUG	Provider finished startup: LightweightThemeManager
1439183412359	addons.manager	DEBUG	Starting provider: GMPProvider
1439183412362	addons.manager	DEBUG	Registering shutdown blocker for GMPProvider
1439183412362	addons.manager	DEBUG	Provider finished startup: GMPProvider
1439183412362	addons.manager	DEBUG	Starting provider: PluginProvider
1439183412362	addons.manager	DEBUG	Registering shutdown blocker for PluginProvider
1439183412362	addons.manager	DEBUG	Provider finished startup: PluginProvider
1439183412363	addons.manager	DEBUG	Completed startup sequence
1439183412458	addons.xpi-utils	DEBUG	Starting async load of XPI database C:\Users\skbehera\AppData\Local\Temp\anonymous3338313405893600172webdriver-profile\extensions.json
1439183412459	addons.manager	DEBUG	Starting provider: <unnamed-provider>
1439183412459	addons.manager	DEBUG	Registering shutdown blocker for <unnamed-provider>
1439183412459	addons.manager	DEBUG	Provider finished startup: <unnamed-provider>
1439183412628	addons.xpi-utils	DEBUG	Async JSON file read took 0 MS
1439183412628	addons.xpi-utils	DEBUG	Finished async read of XPI database, parsing...
1439183412629	addons.xpi-utils	DEBUG	Successfully read XPI database
*** Blocklist::_loadBlocklistFromFile: blocklist is disabled
JavaScript error: file:///C:/Users/skbehera/AppData/Local/Temp/anonymous3338313405893600172webdriver-profile/extensions/fxdriver@googlecode.com/components/driver-component.js, line 11487: TypeError: this.server_ is undefined
JavaScript error: chrome://fxdriver/content/server.js, line 38: NS_ERROR_XPC_CI_RETURNED_FAILURE: Component returned failure code: 0x80570015 (NS_ERROR_XPC_CI_RETURNED_FAILURE) [nsIJSCID.createInstance]

	at org.openqa.selenium.firefox.internal.NewProfileExtensionConnection.start(NewProfileExtensionConnection.java:118)
	... 30 more
]]>
    </failure>
  </testcase> <!-- registration -->
</testsuite> <!-- com.psci.testscripts.TestBat -->
