<?xml version="1.0" encoding="UTF-8"?>
<!-- Generated by org.testng.reporters.JUnitReportReporter -->
<testsuite hostname="B1403F1D" name="com.psci.testscripts.PTestPSCI" tests="1" failures="0" timestamp="7 Sep 2015 15:55:47 GMT" time="4.243" errors="0">
  <testcase name="loginToVitreos" time="4.243" classname="com.psci.testscripts.PTestPSCI"/>
</testsuite> <!-- com.psci.testscripts.PTestPSCI -->
