<?xml version="1.0" encoding="UTF-8"?>
<!-- Generated by org.testng.reporters.JUnitReportReporter -->
<testsuite hostname="B1403F1D" name="com.psci.testscripts.TestPSCIScripts" tests="3" failures="0" timestamp="11 Jul 2015 11:30:16 GMT" time="19.660" errors="0">
  <testcase name="oneYearDateOfServiceReportTest" time="8.060" classname="com.psci.testscripts.TestPSCIScripts"/>
  <testcase name="loginToVitreos" time="6.217" classname="com.psci.testscripts.TestPSCIScripts"/>
  <testcase name="dimensionsClick" time="5.383" classname="com.psci.testscripts.TestPSCIScripts"/>
</testsuite> <!-- com.psci.testscripts.TestPSCIScripts -->
