<?xml version="1.0" encoding="UTF-8"?>
<!-- Generated by org.testng.reporters.JUnitReportReporter -->
<testsuite hostname="B1403F1D" name="com.psci.testscripts.TestVitreos" tests="2" failures="2" timestamp="7 Sep 2015 15:47:15 GMT" time="0.000" errors="0">
  <testcase name="verifyLogin" time="0.000" classname="com.psci.testscripts.TestVitreos">
    <failure type="java.lang.NoClassDefFoundError" message="Lorg/sikuli/script/Screen;">
      <![CDATA[java.lang.NoClassDefFoundError: Lorg/sikuli/script/Screen;
	at java.lang.Class.getDeclaredFields0(Native Method)
	at java.lang.Class.privateGetDeclaredFields(Class.java:2397)
	at java.lang.Class.getDeclaredFields(Class.java:1806)
	at org.openqa.selenium.support.PageFactory.proxyFields(PageFactory.java:110)
	at org.openqa.selenium.support.PageFactory.initElements(PageFactory.java:104)
	at org.openqa.selenium.support.PageFactory.initElements(PageFactory.java:91)
	at org.openqa.selenium.support.PageFactory.initElements(PageFactory.java:78)
	at org.openqa.selenium.support.PageFactory.initElements(PageFactory.java:64)
	at com.psci.pageobject.VitreosLoginPage.<init>(VitreosLoginPage.java:19)
	at sun.reflect.NativeConstructorAccessorImpl.newInstance0(Native Method)
	at sun.reflect.NativeConstructorAccessorImpl.newInstance(NativeConstructorAccessorImpl.java:57)
	at sun.reflect.DelegatingConstructorAccessorImpl.newInstance(DelegatingConstructorAccessorImpl.java:45)
	at java.lang.reflect.Constructor.newInstance(Constructor.java:526)
	at java.lang.Class.newInstance(Class.java:374)
	at org.openqa.selenium.support.PageFactory.instantiatePage(PageFactory.java:130)
	at org.openqa.selenium.support.PageFactory.initElements(PageFactory.java:63)
	at com.psci.testscripts.TestVitreos.beforeClass(TestVitreos.java:31)
	at sun.reflect.NativeMethodAccessorImpl.invoke0(Native Method)
	at sun.reflect.NativeMethodAccessorImpl.invoke(NativeMethodAccessorImpl.java:57)
	at sun.reflect.DelegatingMethodAccessorImpl.invoke(DelegatingMethodAccessorImpl.java:43)
	at java.lang.reflect.Method.invoke(Method.java:606)
	at org.testng.internal.MethodInvocationHelper.invokeMethod(MethodInvocationHelper.java:84)
	at org.testng.internal.Invoker.invokeConfigurationMethod(Invoker.java:564)
	at org.testng.internal.Invoker.invokeConfigurations(Invoker.java:213)
	at org.testng.internal.Invoker.invokeConfigurations(Invoker.java:138)
	at org.testng.TestRunner.beforeRun(TestRunner.java:641)
	at org.testng.TestRunner.run(TestRunner.java:609)
	at org.testng.SuiteRunner.runTest(SuiteRunner.java:334)
	at org.testng.SuiteRunner.runSequentially(SuiteRunner.java:329)
	at org.testng.SuiteRunner.privateRun(SuiteRunner.java:291)
	at org.testng.SuiteRunner.run(SuiteRunner.java:240)
	at org.testng.SuiteRunnerWorker.runSuite(SuiteRunnerWorker.java:52)
	at org.testng.SuiteRunnerWorker.run(SuiteRunnerWorker.java:86)
	at org.testng.TestNG.runSuitesSequentially(TestNG.java:1224)
	at org.testng.TestNG.runSuitesLocally(TestNG.java:1149)
	at org.testng.TestNG.run(TestNG.java:1057)
	at org.testng.TestNG.privateMain(TestNG.java:1364)
	at org.testng.TestNG.main(TestNG.java:1333)
Caused by: java.lang.ClassNotFoundException: org.sikuli.script.Screen
	at java.net.URLClassLoader$1.run(URLClassLoader.java:366)
	at java.net.URLClassLoader$1.run(URLClassLoader.java:355)
	at java.security.AccessController.doPrivileged(Native Method)
	at java.net.URLClassLoader.findClass(URLClassLoader.java:354)
	at java.lang.ClassLoader.loadClass(ClassLoader.java:425)
	at sun.misc.Launcher$AppClassLoader.loadClass(Launcher.java:308)
	at java.lang.ClassLoader.loadClass(ClassLoader.java:358)
	... 38 more
]]>
    </failure>
  </testcase> <!-- verifyLogin -->
  <testcase name="verifyLogout" time="0.000" classname="com.psci.testscripts.TestVitreos">
    <failure type="java.lang.NoClassDefFoundError" message="Lorg/sikuli/script/Screen;">
      <![CDATA[java.lang.NoClassDefFoundError: Lorg/sikuli/script/Screen;
	at java.lang.Class.getDeclaredFields0(Native Method)
	at java.lang.Class.privateGetDeclaredFields(Class.java:2397)
	at java.lang.Class.getDeclaredFields(Class.java:1806)
	at org.openqa.selenium.support.PageFactory.proxyFields(PageFactory.java:110)
	at org.openqa.selenium.support.PageFactory.initElements(PageFactory.java:104)
	at org.openqa.selenium.support.PageFactory.initElements(PageFactory.java:91)
	at org.openqa.selenium.support.PageFactory.initElements(PageFactory.java:78)
	at org.openqa.selenium.support.PageFactory.initElements(PageFactory.java:64)
	at com.psci.pageobject.VitreosLoginPage.<init>(VitreosLoginPage.java:19)
	at sun.reflect.NativeConstructorAccessorImpl.newInstance0(Native Method)
	at sun.reflect.NativeConstructorAccessorImpl.newInstance(NativeConstructorAccessorImpl.java:57)
	at sun.reflect.DelegatingConstructorAccessorImpl.newInstance(DelegatingConstructorAccessorImpl.java:45)
	at java.lang.reflect.Constructor.newInstance(Constructor.java:526)
	at java.lang.Class.newInstance(Class.java:374)
	at org.openqa.selenium.support.PageFactory.instantiatePage(PageFactory.java:130)
	at org.openqa.selenium.support.PageFactory.initElements(PageFactory.java:63)
	at com.psci.testscripts.TestVitreos.beforeClass(TestVitreos.java:31)
	at sun.reflect.NativeMethodAccessorImpl.invoke0(Native Method)
	at sun.reflect.NativeMethodAccessorImpl.invoke(NativeMethodAccessorImpl.java:57)
	at sun.reflect.DelegatingMethodAccessorImpl.invoke(DelegatingMethodAccessorImpl.java:43)
	at java.lang.reflect.Method.invoke(Method.java:606)
	at org.testng.internal.MethodInvocationHelper.invokeMethod(MethodInvocationHelper.java:84)
	at org.testng.internal.Invoker.invokeConfigurationMethod(Invoker.java:564)
	at org.testng.internal.Invoker.invokeConfigurations(Invoker.java:213)
	at org.testng.internal.Invoker.invokeConfigurations(Invoker.java:138)
	at org.testng.TestRunner.beforeRun(TestRunner.java:641)
	at org.testng.TestRunner.run(TestRunner.java:609)
	at org.testng.SuiteRunner.runTest(SuiteRunner.java:334)
	at org.testng.SuiteRunner.runSequentially(SuiteRunner.java:329)
	at org.testng.SuiteRunner.privateRun(SuiteRunner.java:291)
	at org.testng.SuiteRunner.run(SuiteRunner.java:240)
	at org.testng.SuiteRunnerWorker.runSuite(SuiteRunnerWorker.java:52)
	at org.testng.SuiteRunnerWorker.run(SuiteRunnerWorker.java:86)
	at org.testng.TestNG.runSuitesSequentially(TestNG.java:1224)
	at org.testng.TestNG.runSuitesLocally(TestNG.java:1149)
	at org.testng.TestNG.run(TestNG.java:1057)
	at org.testng.TestNG.privateMain(TestNG.java:1364)
	at org.testng.TestNG.main(TestNG.java:1333)
Caused by: java.lang.ClassNotFoundException: org.sikuli.script.Screen
	at java.net.URLClassLoader$1.run(URLClassLoader.java:366)
	at java.net.URLClassLoader$1.run(URLClassLoader.java:355)
	at java.security.AccessController.doPrivileged(Native Method)
	at java.net.URLClassLoader.findClass(URLClassLoader.java:354)
	at java.lang.ClassLoader.loadClass(ClassLoader.java:425)
	at sun.misc.Launcher$AppClassLoader.loadClass(Launcher.java:308)
	at java.lang.ClassLoader.loadClass(ClassLoader.java:358)
	... 38 more
]]>
    </failure>
  </testcase> <!-- verifyLogout -->
</testsuite> <!-- com.psci.testscripts.TestVitreos -->
